<?xml version="1.0" encoding="UTF-8"?>
<!-- Generated by org.testng.reporters.JUnitReportReporter -->
<testsuite hostname="Prabhash" failures="0" tests="1" name="com.fiseve.qa.testScripts.GoogleSearchTest" time="8.037" errors="0" timestamp="2023-06-06T05:00:38 IST" skipped="0">
  <testcase classname="com.fiseve.qa.testScripts.GoogleSearchTest" name="googleSearchresultTest" time="8.037"/>
  <system-out/>
</testsuite> <!-- com.fiseve.qa.testScripts.GoogleSearchTest -->
